<?xml version="1.0" encoding="UTF-8"?>
<testsuite name="LMS"
           tests="9"
           failures="1"
           errors="0"
           skipped="0"
           time="16.100">
  <properties />
            <testcase name="CompleteLesson" time="8.801" classname="LMS.LMSProject">
                <failure type="org.openqa.selenium.ElementClickInterceptedException"
                  message="element click intercepted: Element &lt;div class=&quot;ld-item-title&quot;&gt;...&lt;/div&gt; is not clickable at point (254, 489). Other element would receive the click: &lt;div class=&quot;ld-item-list-item ld-expandable ld-item-lesson-item ld-lesson-item-87 is_not_sample learndash-not-available learndash-incomplete&quot; id=&quot;ld-expand-87&quot; data-ld-tooltip=&quot;You don&apos;t currently have access to this content&quot; data-ld-tooltip-id=&quot;30591&quot;&gt;...&lt;/div&gt;
  (Session info: chrome=114.0.5735.134)
Build info: version: &apos;4.8.3&apos;, revision: &apos;e5e76298c3&apos;
System info: os.name: &apos;Windows 11&apos;, os.arch: &apos;amd64&apos;, os.version: &apos;10.0&apos;, java.version: &apos;19.0.1&apos;
Driver info: org.openqa.selenium.chrome.ChromeDriver
Command: [3877f8b8b457576ec81dbef1f1634ab0, clickElement {id=3A9F79D3D1F2D135071A8588E0755787_element_34}]
Capabilities {acceptInsecureCerts: false, browserName: chrome, browserVersion: 114.0.5735.134, chrome: {chromedriverVersion: 114.0.5735.90 (386bc09e8f4f..., userDataDir: C:\Users\01979D~1\AppData\L...}, goog:chromeOptions: {debuggerAddress: localhost:63241}, networkConnectionEnabled: false, pageLoadStrategy: normal, platformName: WINDOWS, proxy: Proxy(), se:cdp: ws://localhost:63241/devtoo..., se:cdpVersion: 114.0.5735.134, setWindowRect: true, strictFileInteractability: false, timeouts: {implicit: 0, pageLoad: 300000, script: 30000}, unhandledPromptBehavior: dismiss and notify, webauthn:extension:credBlob: true, webauthn:extension:largeBlob: true, webauthn:extension:minPinLength: true, webauthn:extension:prf: true, webauthn:virtualAuthenticators: true}
Element: [[ChromeDriver: chrome on WINDOWS (3877f8b8b457576ec81dbef1f1634ab0)] -&gt; xpath: //*[contains(text(),&apos;Investment &amp; Marketing  Final Strategies&apos;)]]
Session ID: 3877f8b8b457576ec81dbef1f1634ab0"
              >
<![CDATA[org.openqa.selenium.ElementClickInterceptedException: element click intercepted: Element <div class="ld-item-title">...</div> is not clickable at point (254, 489). Other element would receive the click: <div class="ld-item-list-item ld-expandable ld-item-lesson-item ld-lesson-item-87 is_not_sample learndash-not-available learndash-incomplete" id="ld-expand-87" data-ld-tooltip="You don't currently have access to this content" data-ld-tooltip-id="30591">...</div>
  (Session info: chrome=114.0.5735.134)
Build info: version: '4.8.3', revision: 'e5e76298c3'
System info: os.name: 'Windows 11', os.arch: 'amd64', os.version: '10.0', java.version: '19.0.1'
Driver info: org.openqa.selenium.chrome.ChromeDriver
Command: [3877f8b8b457576ec81dbef1f1634ab0, clickElement {id=3A9F79D3D1F2D135071A8588E0755787_element_34}]
Capabilities {acceptInsecureCerts: false, browserName: chrome, browserVersion: 114.0.5735.134, chrome: {chromedriverVersion: 114.0.5735.90 (386bc09e8f4f..., userDataDir: C:\Users\01979D~1\AppData\L...}, goog:chromeOptions: {debuggerAddress: localhost:63241}, networkConnectionEnabled: false, pageLoadStrategy: normal, platformName: WINDOWS, proxy: Proxy(), se:cdp: ws://localhost:63241/devtoo..., se:cdpVersion: 114.0.5735.134, setWindowRect: true, strictFileInteractability: false, timeouts: {implicit: 0, pageLoad: 300000, script: 30000}, unhandledPromptBehavior: dismiss and notify, webauthn:extension:credBlob: true, webauthn:extension:largeBlob: true, webauthn:extension:minPinLength: true, webauthn:extension:prf: true, webauthn:virtualAuthenticators: true}
Element: [[ChromeDriver: chrome on WINDOWS (3877f8b8b457576ec81dbef1f1634ab0)] -> xpath: //*[contains(text(),'Investment & Marketing  Final Strategies')]]
Session ID: 3877f8b8b457576ec81dbef1f1634ab0
  java.base/jdk.internal.reflect.DirectConstructorHandleAccessor.newInstance(DirectConstructorHandleAccessor.java:67)
  java.base/java.lang.reflect.Constructor.newInstanceWithCaller(Constructor.java:500)
  java.base/java.lang.reflect.Constructor.newInstance(Constructor.java:484)
  org.openqa.selenium.remote.codec.w3c.W3CHttpResponseCodec.createException(W3CHttpResponseCodec.java:200)
  org.openqa.selenium.remote.codec.w3c.W3CHttpResponseCodec.decode(W3CHttpResponseCodec.java:133)
  org.openqa.selenium.remote.codec.w3c.W3CHttpResponseCodec.decode(W3CHttpResponseCodec.java:53)
  org.openqa.selenium.remote.HttpCommandExecutor.execute(HttpCommandExecutor.java:193)
  org.openqa.selenium.remote.service.DriverCommandExecutor.invokeExecute(DriverCommandExecutor.java:183)
  org.openqa.selenium.remote.service.DriverCommandExecutor.execute(DriverCommandExecutor.java:158)
  org.openqa.selenium.remote.RemoteWebDriver.execute(RemoteWebDriver.java:543)
  org.openqa.selenium.remote.RemoteWebElement.execute(RemoteWebElement.java:257)
  org.openqa.selenium.remote.RemoteWebElement.click(RemoteWebElement.java:78)
  LMS.LMSProject.CompleteLesson(LMSProject.java:160)
  java.base/jdk.internal.reflect.DirectMethodHandleAccessor.invoke(DirectMethodHandleAccessor.java:104)
  java.base/java.lang.reflect.Method.invoke(Method.java:578)
  org.testng.internal.MethodInvocationHelper.invokeMethod(MethodInvocationHelper.java:124)
  org.testng.internal.Invoker.invokeMethod(Invoker.java:583)
  org.testng.internal.Invoker.invokeTestMethod(Invoker.java:719)
  org.testng.internal.Invoker.invokeTestMethods(Invoker.java:989)
  org.testng.internal.TestMethodWorker.invokeTestMethods(TestMethodWorker.java:125)
  org.testng.internal.TestMethodWorker.run(TestMethodWorker.java:109)
  org.testng.TestRunner.privateRun(TestRunner.java:648)
  org.testng.TestRunner.run(TestRunner.java:505)
  org.testng.SuiteRunner.runTest(SuiteRunner.java:455)
  org.testng.SuiteRunner.runSequentially(SuiteRunner.java:450)
  org.testng.SuiteRunner.privateRun(SuiteRunner.java:415)
  org.testng.SuiteRunner.run(SuiteRunner.java:364)
  org.testng.SuiteRunnerWorker.runSuite(SuiteRunnerWorker.java:52)
  org.testng.SuiteRunnerWorker.run(SuiteRunnerWorker.java:84)
  org.testng.TestNG.runSuitesSequentially(TestNG.java:1208)
  org.testng.TestNG.runSuitesLocally(TestNG.java:1137)
  org.testng.TestNG.runSuites(TestNG.java:1049)
  org.testng.TestNG.run(TestNG.java:1017)
  com.intellij.rt.testng.IDEARemoteTestNG.run(IDEARemoteTestNG.java:66)
  com.intellij.rt.testng.RemoteTestNGStarter.main(RemoteTestNGStarter.java:105)
]]>
      </failure>

          </testcase>
  
  
            <testcase name="SecondPopularCourse" time="0.035" classname="LMS.LMSProject" />
                <testcase name="VerifyWebsiteTitle" time="0.057" classname="LMS.LMSProject" />
                <testcase name="VerifyInfoBox" time="0.023" classname="LMS.LMSProject" />
                <testcase name="Login" time="2.737" classname="LMS.LMSProject" />
                <testcase name="ContactAdmin" time="2.623" classname="LMS.LMSProject" />
                <testcase name="FindAllCourses" time="0.730" classname="LMS.LMSProject" />
                <testcase name="MyAccount" time="1.060" classname="LMS.LMSProject" />
                <testcase name="VerifyWebsiteHeading" time="0.034" classname="LMS.LMSProject" />
      
</testsuite>
